  [1m[35m (95.5ms)[0m  [1m[35mCREATE DATABASE "the_gossip_project_04_development" ENCODING = 'unicode'[0m
  ↳ bin/rails:9
  [1m[35m (93.9ms)[0m  [1m[35mCREATE DATABASE "the_gossip_project_04_test" ENCODING = 'unicode'[0m
  ↳ bin/rails:9
  [1m[35m (4.5ms)[0m  [1m[35mCREATE TABLE "schema_migrations" ("version" character varying NOT NULL PRIMARY KEY)[0m
  ↳ bin/rails:9
  [1m[35m (20.6ms)[0m  [1m[35mCREATE TABLE "ar_internal_metadata" ("key" character varying NOT NULL PRIMARY KEY, "value" character varying, "created_at" timestamp NOT NULL, "updated_at" timestamp NOT NULL)[0m
  ↳ bin/rails:9
  [1m[35m (0.2ms)[0m  [1m[34mSELECT pg_try_advisory_lock(935093265131900490)[0m
  ↳ bin/rails:9
  [1m[35m (0.4ms)[0m  [1m[34mSELECT "schema_migrations"."version" FROM "schema_migrations" ORDER BY "schema_migrations"."version" ASC[0m
  ↳ bin/rails:9
Migrating to CreateGossips (20210209101722)
  [1m[35m (0.1ms)[0m  [1m[35mBEGIN[0m
  ↳ bin/rails:9
  [1m[35m (4.2ms)[0m  [1m[35mCREATE TABLE "gossips" ("id" bigserial primary key, "title" character varying, "content" character varying, "created_at" timestamp NOT NULL, "updated_at" timestamp NOT NULL)[0m
  ↳ db/migrate/20210209101722_create_gossips.rb:3
  [1m[36mActiveRecord::SchemaMigration Create (0.3ms)[0m  [1m[32mINSERT INTO "schema_migrations" ("version") VALUES ($1) RETURNING "version"[0m  [["version", "20210209101722"]]
  ↳ bin/rails:9
  [1m[35m (0.3ms)[0m  [1m[35mCOMMIT[0m
  ↳ bin/rails:9
  [1m[36mActiveRecord::InternalMetadata Load (0.3ms)[0m  [1m[34mSELECT  "ar_internal_metadata".* FROM "ar_internal_metadata" WHERE "ar_internal_metadata"."key" = $1 LIMIT $2[0m  [["key", "environment"], ["LIMIT", 1]]
  ↳ bin/rails:9
  [1m[35m (0.2ms)[0m  [1m[35mBEGIN[0m
  ↳ bin/rails:9
  [1m[36mActiveRecord::InternalMetadata Create (0.5ms)[0m  [1m[32mINSERT INTO "ar_internal_metadata" ("key", "value", "created_at", "updated_at") VALUES ($1, $2, $3, $4) RETURNING "key"[0m  [["key", "environment"], ["value", "development"], ["created_at", "2021-02-09 15:08:25.019794"], ["updated_at", "2021-02-09 15:08:25.019794"]]
  ↳ bin/rails:9
  [1m[35m (0.3ms)[0m  [1m[35mCOMMIT[0m
  ↳ bin/rails:9
  [1m[35m (0.1ms)[0m  [1m[34mSELECT pg_advisory_unlock(935093265131900490)[0m
  ↳ bin/rails:9
  [1m[35m (0.2ms)[0m  [1m[34mSELECT "schema_migrations"."version" FROM "schema_migrations" ORDER BY "schema_migrations"."version" ASC[0m
  ↳ bin/rails:9
  [1m[35m (0.4ms)[0m  [1m[34mSELECT "schema_migrations"."version" FROM "schema_migrations" ORDER BY "schema_migrations"."version" ASC[0m
  ↳ bin/rails:9
Started GET "/" for 127.0.0.1 at 2021-02-09 16:08:58 +0100
  [1m[35m (0.5ms)[0m  [1m[34mSELECT "schema_migrations"."version" FROM "schema_migrations" ORDER BY "schema_migrations"."version" ASC[0m
  ↳ /Users/basilalbader/.rvm/gems/ruby-2.7.1/gems/activerecord-5.2.4.4/lib/active_record/log_subscriber.rb:98
Processing by Rails::WelcomeController#index as HTML
  Rendering /Users/basilalbader/.rvm/gems/ruby-2.7.1/gems/railties-5.2.4.4/lib/rails/templates/rails/welcome/index.html.erb
  Rendered /Users/basilalbader/.rvm/gems/ruby-2.7.1/gems/railties-5.2.4.4/lib/rails/templates/rails/welcome/index.html.erb (4.1ms)
Completed 200 OK in 16ms (Views: 10.1ms | ActiveRecord: 0.0ms)


Started GET "/home" for 127.0.0.1 at 2021-02-09 16:09:05 +0100
  
ActionController::RoutingError (No route matches [GET] "/home"):
  
actionpack (5.2.4.4) lib/action_dispatch/middleware/debug_exceptions.rb:65:in `call'
web-console (3.7.0) lib/web_console/middleware.rb:135:in `call_app'
web-console (3.7.0) lib/web_console/middleware.rb:30:in `block in call'
web-console (3.7.0) lib/web_console/middleware.rb:20:in `catch'
web-console (3.7.0) lib/web_console/middleware.rb:20:in `call'
actionpack (5.2.4.4) lib/action_dispatch/middleware/show_exceptions.rb:33:in `call'
railties (5.2.4.4) lib/rails/rack/logger.rb:38:in `call_app'
railties (5.2.4.4) lib/rails/rack/logger.rb:26:in `block in call'
activesupport (5.2.4.4) lib/active_support/tagged_logging.rb:71:in `block in tagged'
activesupport (5.2.4.4) lib/active_support/tagged_logging.rb:28:in `tagged'
activesupport (5.2.4.4) lib/active_support/tagged_logging.rb:71:in `tagged'
railties (5.2.4.4) lib/rails/rack/logger.rb:26:in `call'
sprockets-rails (3.2.2) lib/sprockets/rails/quiet_assets.rb:13:in `call'
actionpack (5.2.4.4) lib/action_dispatch/middleware/remote_ip.rb:81:in `call'
actionpack (5.2.4.4) lib/action_dispatch/middleware/request_id.rb:27:in `call'
rack (2.2.3) lib/rack/method_override.rb:24:in `call'
rack (2.2.3) lib/rack/runtime.rb:22:in `call'
activesupport (5.2.4.4) lib/active_support/cache/strategy/local_cache_middleware.rb:29:in `call'
actionpack (5.2.4.4) lib/action_dispatch/middleware/executor.rb:14:in `call'
actionpack (5.2.4.4) lib/action_dispatch/middleware/static.rb:127:in `call'
rack (2.2.3) lib/rack/sendfile.rb:110:in `call'
railties (5.2.4.4) lib/rails/engine.rb:524:in `call'
puma (3.12.6) lib/puma/configuration.rb:227:in `call'
puma (3.12.6) lib/puma/server.rb:706:in `handle_request'
puma (3.12.6) lib/puma/server.rb:476:in `process_client'
puma (3.12.6) lib/puma/server.rb:334:in `block in run'
puma (3.12.6) lib/puma/thread_pool.rb:135:in `block in spawn_thread'
Started GET "/gossip" for 127.0.0.1 at 2021-02-09 16:09:18 +0100
Processing by GossipController#index as HTML
  Rendering gossip/index.html.erb within layouts/application
  [1m[36mGossip Load (0.7ms)[0m  [1m[34mSELECT "gossips".* FROM "gossips"[0m
  ↳ app/views/gossip/index.html.erb:6
  Rendered gossip/index.html.erb within layouts/application (4.6ms)
Completed 200 OK in 400ms (Views: 394.2ms | ActiveRecord: 2.2ms)


Started GET "/gossip/new" for 127.0.0.1 at 2021-02-09 16:11:10 +0100
Processing by GossipController#new as HTML
  Rendering gossip/new.html.erb within layouts/application
  Rendered gossip/new.html.erb within layouts/application (0.5ms)
Completed 200 OK in 15ms (Views: 13.3ms | ActiveRecord: 0.0ms)


Started POST "/gossip/" for 127.0.0.1 at 2021-02-09 16:11:25 +0100
Processing by GossipController#create as HTML
  Parameters: {"authenticity_token"=>"0Kq+dWkJgcIMON8tJI1Q7cwChD5Hds9m2DONI2rSgU9H4ETha1TDLDWZ9mQ73vzovTJIpIN6zwg2tBDoz8tbsA==", "title"=>"Balou", "content"=>"Said hello bitches"}
  [1m[35m (0.1ms)[0m  [1m[35mBEGIN[0m
  ↳ app/controllers/gossip_controller.rb:17
  [1m[36mGossip Create (17.4ms)[0m  [1m[32mINSERT INTO "gossips" ("title", "content", "created_at", "updated_at") VALUES ($1, $2, $3, $4) RETURNING "id"[0m  [["title", "Balou"], ["content", "Said hello bitches"], ["created_at", "2021-02-09 15:11:25.999594"], ["updated_at", "2021-02-09 15:11:25.999594"]]
  ↳ app/controllers/gossip_controller.rb:17
  [1m[35m (0.3ms)[0m  [1m[35mCOMMIT[0m
  ↳ app/controllers/gossip_controller.rb:17
  [1m[35m (0.1ms)[0m  [1m[35mBEGIN[0m
  ↳ app/controllers/gossip_controller.rb:18
  [1m[35m (0.1ms)[0m  [1m[35mCOMMIT[0m
  ↳ app/controllers/gossip_controller.rb:18
Redirected to http://localhost:3000/gossip
Completed 302 Found in 48ms (ActiveRecord: 21.7ms)


Started GET "/gossip" for 127.0.0.1 at 2021-02-09 16:11:26 +0100
Processing by GossipController#index as HTML
  Rendering gossip/index.html.erb within layouts/application
  [1m[36mGossip Load (16.8ms)[0m  [1m[34mSELECT "gossips".* FROM "gossips"[0m
  ↳ app/views/gossip/index.html.erb:6
  Rendered gossip/index.html.erb within layouts/application (19.5ms)
Completed 200 OK in 33ms (Views: 15.7ms | ActiveRecord: 16.8ms)


Started GET "/gossip/1" for 127.0.0.1 at 2021-02-09 16:11:30 +0100
Processing by GossipController#show as HTML
  Parameters: {"id"=>"1"}
  [1m[36mGossip Load (0.2ms)[0m  [1m[34mSELECT  "gossips".* FROM "gossips" WHERE "gossips"."id" = $1 LIMIT $2[0m  [["id", 1], ["LIMIT", 1]]
  ↳ app/controllers/gossip_controller.rb:10
  Rendering gossip/show.html.erb within layouts/application
  Rendered gossip/show.html.erb within layouts/application (0.7ms)
Completed 200 OK in 22ms (Views: 18.6ms | ActiveRecord: 0.4ms)


